<?xml version="1.0" encoding="UTF-8"?>
<testng-results ignored="0" total="1" passed="1" failed="0" skipped="0">
  <reporter-output>
  </reporter-output>
  <suite started-at="2022-10-11T23:18:13 IST" name="Default suite" finished-at="2022-10-11T23:18:23 IST" duration-ms="10122">
    <groups>
    </groups>
    <test started-at="2022-10-11T23:18:13 IST" name="Default test" finished-at="2022-10-11T23:18:23 IST" duration-ms="10122">
      <class name="com.service.FlipcartTestNG">
        <test-method is-config="true" signature="beforeMethod()[pri:0, instance:com.service.FlipcartTestNG@3d74bf60]" started-at="2022-10-11T23:18:13 IST" name="beforeMethod" finished-at="2022-10-11T23:18:17 IST" duration-ms="4314" status="PASS">
          <reporter-output>
          </reporter-output>
        </test-method> <!-- beforeMethod -->
        <test-method signature="flipcartPageTest()[pri:0, instance:com.service.FlipcartTestNG@3d74bf60]" started-at="2022-10-11T23:18:17 IST" name="flipcartPageTest" finished-at="2022-10-11T23:18:23 IST" duration-ms="5722" status="PASS">
          <reporter-output>
          </reporter-output>
        </test-method> <!-- flipcartPageTest -->
      </class> <!-- com.service.FlipcartTestNG -->
    </test> <!-- Default test -->
  </suite> <!-- Default suite -->
</testng-results>
